0 info it worked if it ends with ok
1 verbose cli [ '/usr/bin/nodejs', '/usr/bin/npm', 'start' ]
2 info using npm@3.5.2
3 info using node@v4.2.6
4 verbose run-script [ 'prestart', 'start', 'poststart' ]
5 info lifecycle my-app@0.1.0~prestart: my-app@0.1.0
6 silly lifecycle my-app@0.1.0~prestart: no script for prestart, continuing
7 info lifecycle my-app@0.1.0~start: my-app@0.1.0
8 verbose lifecycle my-app@0.1.0~start: unsafe-perm in lifecycle true
9 verbose lifecycle my-app@0.1.0~start: PATH: /usr/share/npm/bin/node-gyp-bin:/home/hotmildc/my-app/node_modules/.bin
10 verbose lifecycle my-app@0.1.0~start: CWD: /home/hotmildc/my-app
11 silly lifecycle my-app@0.1.0~start: Args: [ '-c', 'react-scripts start' ]
12 info lifecycle my-app@0.1.0~start: Failed to exec start script
13 verbose stack Error: my-app@0.1.0 start: `react-scripts start`
13 verbose stack spawn sh ENOENT
13 verbose stack     at exports._errnoException (util.js:870:11)
13 verbose stack     at Process.ChildProcess._handle.onexit (internal/child_process.js:178:32)
13 verbose stack     at onErrorNT (internal/child_process.js:344:16)
13 verbose stack     at nextTickCallbackWith2Args (node.js:441:9)
13 verbose stack     at process._tickCallback (node.js:355:17)
14 verbose pkgid my-app@0.1.0
15 verbose cwd /home/hotmildc/my-app
16 error Linux 4.4.0-98-generic
17 error argv "/usr/bin/nodejs" "/usr/bin/npm" "start"
18 error node v4.2.6
19 error npm  v3.5.2
20 error file sh
21 error path sh
22 error code ELIFECYCLE
23 error errno ENOENT
24 error syscall spawn sh
25 error my-app@0.1.0 start: `react-scripts start`
25 error spawn sh ENOENT
26 error Failed at the my-app@0.1.0 start script 'react-scripts start'.
26 error Make sure you have the latest version of node.js and npm installed.
26 error If you do, this is most likely a problem with the my-app package,
26 error not with npm itself.
26 error Tell the author that this fails on your system:
26 error     react-scripts start
26 error You can get information on how to open an issue for this project with:
26 error     npm bugs my-app
26 error Or if that isn't available, you can get their info via:
26 error     npm owner ls my-app
26 error There is likely additional logging output above.
27 verbose exit [ 1, true ]
